aren't
can't
couldn't
didn't
doesn't
don't
haven't
isn't
they're
wasn't
won't
wouldn't
you're
I'm
ain't
ma'am
o'clock
we're
Qur'an
I'd
I'll
I've
h'm
hadn't
hasn't
he'd
he'll
it'd
it'll
mustn't
she'd
she'll
shouldn't
they'd
they'll
they've
we'd
we'll
we've
weren't
who'd
who'll
who're
who've
would've
y'all
you'd
you'll
you've
could've
e'er
ne'er
needn't
o'er
shan't
should've
sou'wester
fo'c'sle
fo'c'sles
San'a
e'en
entr'acte
how'd
how're
mayn't
might've
mightn't
must've
nor'easter
oughtn't
that'd
that'll
why'd
Qur'anic
Prud'hon
an't
br'er
ca'canny
ha'penny
n'importe
nor'wester
schoolma'am
ta'en
whate'er
whatsoe'er
whene'er
where'er
